INFO basehttp 124 "OPTIONS /meiduo_admin/permission/content_types/ HTTP/1.1" 200 0
INFO basehttp 124 "OPTIONS /meiduo_admin/permission/content_types/ HTTP/1.1" 200 0
INFO basehttp 124 "OPTIONS /meiduo_admin/permission/perms/?page=1&pagesize=10&ordering=id HTTP/1.1" 200 0
INFO basehttp 124 "GET /meiduo_admin/permission/content_types/ HTTP/1.1" 200 775
INFO basehttp 124 "GET /meiduo_admin/permission/content_types/ HTTP/1.1" 200 775
INFO basehttp 124 "GET /meiduo_admin/permission/perms/?page=1&pagesize=10&ordering=id HTTP/1.1" 200 876
INFO basehttp 124 "OPTIONS /meiduo_admin/permission/simple/ HTTP/1.1" 200 0
INFO basehttp 124 "OPTIONS /meiduo_admin/permission/simple/ HTTP/1.1" 200 0
INFO basehttp 124 "OPTIONS /meiduo_admin/permission/groups/?page=1&pagesize=10 HTTP/1.1" 200 0
/home/weiwei/.virtualenv/myenv/lib/python3.5/site-packages/rest_framework/pagination.py:198: UnorderedObjectListWarning: Pagination may yield inconsistent results with an unordered object_list: <class 'django.contrib.auth.models.Group'> QuerySet.
  paginator = self.django_paginator_class(queryset, page_size)
INFO basehttp 124 "GET /meiduo_admin/permission/groups/?page=1&pagesize=10 HTTP/1.1" 200 55
INFO basehttp 124 "GET /meiduo_admin/permission/simple/ HTTP/1.1" 200 3097
INFO basehttp 124 "GET /meiduo_admin/permission/simple/ HTTP/1.1" 200 3097
INFO basehttp 124 "OPTIONS /meiduo_admin/permission/simple/ HTTP/1.1" 200 0
INFO basehttp 124 "OPTIONS /meiduo_admin/permission/groups/simple/ HTTP/1.1" 200 0
INFO basehttp 124 "OPTIONS /meiduo_admin/permission/simple/ HTTP/1.1" 200 0
INFO basehttp 124 "OPTIONS /meiduo_admin/permission/groups/simple/ HTTP/1.1" 200 0
INFO basehttp 124 "OPTIONS /meiduo_admin/permission/admins/?page=1&pagesize=10 HTTP/1.1" 200 0
INFO basehttp 124 "GET /meiduo_admin/permission/simple/ HTTP/1.1" 200 3097
/home/weiwei/.virtualenv/myenv/lib/python3.5/site-packages/rest_framework/pagination.py:198: UnorderedObjectListWarning: Pagination may yield inconsistent results with an unordered object_list: <class 'users.models.User'> QuerySet.
  paginator = self.django_paginator_class(queryset, page_size)
INFO basehttp 124 "GET /meiduo_admin/permission/groups/simple/ HTTP/1.1" 200 2
INFO basehttp 124 "GET /meiduo_admin/permission/groups/simple/ HTTP/1.1" 200 2
INFO basehttp 124 "GET /meiduo_admin/permission/admins/?page=1&pagesize=10 HTTP/1.1" 200 239
INFO basehttp 124 "GET /meiduo_admin/permission/simple/ HTTP/1.1" 200 3097
INFO basehttp 124 "OPTIONS /meiduo_admin/statistical/total_count/ HTTP/1.1" 200 0
INFO basehttp 124 "OPTIONS /meiduo_admin/statistical/day_active/ HTTP/1.1" 200 0
INFO basehttp 124 "OPTIONS /meiduo_admin/statistical/day_increment/ HTTP/1.1" 200 0
INFO basehttp 124 "OPTIONS /meiduo_admin/statistical/day_orders/ HTTP/1.1" 200 0
INFO basehttp 124 "OPTIONS /meiduo_admin/statistical/month_increment/ HTTP/1.1" 200 0
INFO basehttp 124 "OPTIONS /meiduo_admin/statistical/day_active/ HTTP/1.1" 200 0
INFO basehttp 124 "OPTIONS /meiduo_admin/statistical/day_orders/ HTTP/1.1" 200 0
INFO basehttp 124 "OPTIONS /meiduo_admin/statistical/goods_day_views/ HTTP/1.1" 200 0
INFO basehttp 124 "GET /meiduo_admin/statistical/day_active/ HTTP/1.1" 200 31
INFO basehttp 124 "GET /meiduo_admin/statistical/day_increment/ HTTP/1.1" 200 31
INFO basehttp 124 "GET /meiduo_admin/statistical/total_count/ HTTP/1.1" 200 31
INFO basehttp 124 "GET /meiduo_admin/statistical/day_orders/ HTTP/1.1" 200 31
INFO basehttp 124 "GET /meiduo_admin/statistical/month_increment/ HTTP/1.1" 200 961
INFO basehttp 124 "GET /meiduo_admin/statistical/day_active/ HTTP/1.1" 200 31
INFO basehttp 124 "GET /meiduo_admin/statistical/day_orders/ HTTP/1.1" 200 31
INFO basehttp 124 "GET /meiduo_admin/statistical/goods_day_views/ HTTP/1.1" 200 2
INFO basehttp 124 "OPTIONS /meiduo_admin/users/?page=1&pagesize=10&keyword= HTTP/1.1" 200 0
INFO basehttp 124 "GET /meiduo_admin/users/?page=1&pagesize=10&keyword= HTTP/1.1" 200 314
INFO basehttp 124 "OPTIONS /meiduo_admin/skus/categories/ HTTP/1.1" 200 0
INFO basehttp 124 "OPTIONS /meiduo_admin/goods/simple/ HTTP/1.1" 200 0
INFO basehttp 124 "OPTIONS /meiduo_admin/skus/categories/ HTTP/1.1" 200 0
INFO basehttp 124 "OPTIONS /meiduo_admin/goods/simple/ HTTP/1.1" 200 0
INFO basehttp 124 "OPTIONS /meiduo_admin/skus/?page=1&pagesize=10&keyword= HTTP/1.1" 200 0
/home/weiwei/.virtualenv/myenv/lib/python3.5/site-packages/rest_framework/pagination.py:198: UnorderedObjectListWarning: Pagination may yield inconsistent results with an unordered object_list: <class 'goods.models.SKU'> QuerySet.
  paginator = self.django_paginator_class(queryset, page_size)
INFO basehttp 124 "GET /meiduo_admin/goods/simple/ HTTP/1.1" 200 126
INFO basehttp 124 "GET /meiduo_admin/skus/categories/ HTTP/1.1" 200 975
INFO basehttp 124 "GET /meiduo_admin/goods/simple/ HTTP/1.1" 200 126
INFO basehttp 124 "GET /meiduo_admin/skus/categories/ HTTP/1.1" 200 975
INFO basehttp 124 "GET /meiduo_admin/skus/?page=1&pagesize=10&keyword= HTTP/1.1" 200 6664
